[09:31:49.285] The competitor(3) registered
[09:32:17.531] The competitor(2) registered
[09:37:47.892] The competitor(5) registered
[09:38:28.673] The competitor(1) registered
[09:39:25.079] The competitor(4) registered
[09:55:00.000] The start time for the competitor(1) was set by a draw to 10:00:00.000
[09:56:30.000] The start time for the competitor(2) was set by a draw to 10:01:30.000
[09:58:00.000] The start time for the competitor(3) was set by a draw to 10:03:00.000
[09:59:30.000] The start time for the competitor(4) was set by a draw to 10:04:30.000
[09:59:45.000] The competitor(1) is on the start line
[10:00:01.744] The competitor(1) has started
[10:01:00.000] The start time for the competitor(5) was set by a draw to 10:06:00.000
[10:01:09.000] The competitor(2) is on the start line
[10:01:31.503] The competitor(2) has started
[10:02:36.000] The competitor(3) is on the start line
[10:03:00.887] The competitor(3) has started
[10:04:08.000] The competitor(4) is on the start line
[10:04:31.278] The competitor(4) has started
[10:05:42.000] The competitor(5) is on the start line
[10:06:00.331] The competitor(5) has started
[10:08:49.289] The competitor(1) is on the firing range(1)
[10:08:50.884] The target(1) has been hit by competitor(1)
[10:08:51.400] The target(2) has been hit by competitor(1)
[10:08:52.797] The target(5) has been hit by competitor(1)
[10:08:55.658] The competitor(1) left the firing range
[10:09:03.232] The competitor(1) entered the penalty laps
[10:10:22.273] The competitor(2) is on the firing range(1)
[10:10:23.804] The target(1) has been hit by competitor(2)
[10:10:25.036] The target(3) has been hit by competitor(2)
[10:10:25.449] The target(4) has been hit by competitor(2)
[10:10:26.002] The target(5) has been hit by competitor(2)
[10:10:29.125] The competitor(2) left the firing range
[10:10:38.142] The competitor(2) entered the penalty laps
[10:10:43.232] The competitor(1) left the penalty laps
[10:11:28.142] The competitor(2) left the penalty laps
[10:11:54.557] The competitor(3) is on the firing range(1)
[10:11:56.076] The target(1) has been hit by competitor(3)
[10:11:56.760] The target(2) has been hit by competitor(3)
[10:11:57.217] The target(3) has been hit by competitor(3)
[10:11:57.659] The target(4) has been hit by competitor(3)
[10:11:58.179] The target(5) has been hit by competitor(3)
[10:12:01.341] The competitor(3) left the firing range
[10:12:35.380] The competitor(1) ended the main lap
[10:13:27.246] The competitor(4) is on the firing range(1)
[10:13:29.773] The target(3) has been hit by competitor(4)
[10:13:30.443] The target(4) has been hit by competitor(4)
[10:13:30.836] The target(5) has been hit by competitor(4)
[10:13:33.970] The competitor(4) left the firing range
[10:13:43.912] The competitor(4) entered the penalty laps
[10:14:09.746] The competitor(2) ended the main lap
[10:15:20.988] The competitor(5) is on the firing range(1)
[10:15:22.758] The target(1) has been hit by competitor(5)
[10:15:23.083] The target(2) has been hit by competitor(5)
[10:15:23.682] The target(3) has been hit by competitor(5)
[10:15:23.912] The competitor(4) left the penalty laps
[10:15:27.197] The competitor(5) left the firing range
[10:15:31.757] The competitor(5) entered the penalty laps
[10:15:43.273] The competitor(3) ended the main lap
[10:17:11.757] The competitor(5) left the penalty laps
[10:17:16.947] The competitor(4) ended the main lap
[10:19:21.270] The competitor(5) ended the main lap
[10:21:34.847] The competitor(1) is on the firing range(2)
[10:21:36.495] The target(1) has been hit by competitor(1)
[10:21:36.920] The target(2) has been hit by competitor(1)
[10:21:37.626] The target(3) has been hit by competitor(1)
[10:21:38.628] The target(5) has been hit by competitor(1)
[10:21:41.449] The competitor(1) left the firing range
[10:21:50.476] The competitor(1) entered the penalty laps
[10:22:40.476] The competitor(1) left the penalty laps
[10:23:00.773] The competitor(2) is on the firing range(2)
[10:23:02.498] The target(1) has been hit by competitor(2)
[10:23:02.841] The target(2) has been hit by competitor(2)
[10:23:03.453] The target(3) has been hit by competitor(2)
[10:23:04.051] The target(4) has been hit by competitor(2)
[10:23:07.554] The competitor(2) left the firing range
[10:23:10.987] The competitor(2) entered the penalty laps
[10:24:00.987] The competitor(2) left the penalty laps
[10:24:43.323] The competitor(3) is on the firing range(2)
[10:24:44.954] The target(1) has been hit by competitor(3)
[10:24:45.508] The target(2) has been hit by competitor(3)
[10:24:45.923] The target(3) has been hit by competitor(3)
[10:24:46.559] The target(4) has been hit by competitor(3)
[10:24:46.958] The target(5) has been hit by competitor(3)
[10:24:49.905] The competitor(3) left the firing range
[10:25:26.047] The competitor(1) ended the main lap
[10:25:26.047] The competitor(1) has finished
[10:26:36.573] The competitor(4) is on the firing range(2)
[10:26:38.368] The target(1) has been hit by competitor(4)
[10:26:38.786] The target(2) has been hit by competitor(4)
[10:26:39.113] The target(3) has been hit by competitor(4)
[10:26:39.629] The target(4) has been hit by competitor(4)
[10:26:40.238] The target(5) has been hit by competitor(4)
[10:26:43.208] The competitor(4) left the firing range
[10:26:48.356] The competitor(2) ended the main lap
[10:26:48.356] The competitor(2) has finished
[10:28:28.112] The competitor(5) is on the firing range(2)
[10:28:29.629] The target(1) has been hit by competitor(5)
[10:28:30.408] The target(2) has been hit by competitor(5)
[10:28:30.769] The target(3) has been hit by competitor(5)
[10:28:31.882] The target(5) has been hit by competitor(5)
[10:28:34.274] The competitor(5) left the firing range
[10:28:34.773] The competitor(3) ended the main lap
[10:28:34.773] The competitor(3) has finished
[10:28:38.151] The competitor(5) entered the penalty laps
[10:29:28.151] The competitor(5) left the penalty laps
[10:30:36.413] The competitor(4) ended the main lap
[10:30:36.413] The competitor(4) has finished
[10:32:22.472] The competitor(5) ended the main lap
[10:32:22.472] The competitor(5) has finished
